2018-09-29 01:08:10,678 DEBUG controller.Controller [http-nio-8080-exec-391] Router: page=/jsp/login.jsp, type=FORWARD
2018-09-29 01:08:13,719 DEBUG pool.ConnectionPool [http-nio-8080-exec-392] by.epam.hotel.pool.ProxyConnection@2cfc743e got FROM pool
2018-09-29 01:08:13,744 DEBUG pool.ConnectionPool [http-nio-8080-exec-392] true
2018-09-29 01:08:13,744 DEBUG pool.ConnectionPool [http-nio-8080-exec-392] by.epam.hotel.pool.ProxyConnection@2cfc743e returned IN pool
2018-09-29 01:08:13,744 DEBUG controller.Controller [http-nio-8080-exec-392] Router: page=/jsp/clientmain.jsp, type=REDIRECT
2018-09-29 01:08:16,110 DEBUG pool.ConnectionPool [http-nio-8080-exec-394] by.epam.hotel.pool.ProxyConnection@492a84d3 got FROM pool
2018-09-29 01:08:16,113 DEBUG pool.ConnectionPool [http-nio-8080-exec-394] true
2018-09-29 01:08:16,113 DEBUG pool.ConnectionPool [http-nio-8080-exec-394] by.epam.hotel.pool.ProxyConnection@492a84d3 returned IN pool
2018-09-29 01:08:16,114 DEBUG pool.ConnectionPool [http-nio-8080-exec-394] by.epam.hotel.pool.ProxyConnection@43d2efa3 got FROM pool
2018-09-29 01:08:16,116 DEBUG pool.ConnectionPool [http-nio-8080-exec-394] true
2018-09-29 01:08:16,116 DEBUG pool.ConnectionPool [http-nio-8080-exec-394] by.epam.hotel.pool.ProxyConnection@43d2efa3 returned IN pool
2018-09-29 01:08:16,119 DEBUG pool.ConnectionPool [http-nio-8080-exec-394] by.epam.hotel.pool.ProxyConnection@371c5815 got FROM pool
2018-09-29 01:08:16,122 DEBUG pool.ConnectionPool [http-nio-8080-exec-394] true
2018-09-29 01:08:16,122 DEBUG pool.ConnectionPool [http-nio-8080-exec-394] by.epam.hotel.pool.ProxyConnection@371c5815 returned IN pool
2018-09-29 01:08:16,123 DEBUG controller.Controller [http-nio-8080-exec-394] Router: page=/jsp/order.jsp, type=FORWARD
2018-09-29 01:08:17,175 DEBUG controller.Controller [http-nio-8080-exec-395] Router: page=/jsp/order.jsp, type=FORWARD
2018-09-29 01:08:25,950 DEBUG pool.ConnectionPool [http-nio-8080-exec-397] by.epam.hotel.pool.ProxyConnection@41d25ce3 got FROM pool
2018-09-29 01:08:25,997 DEBUG pool.ConnectionPool [http-nio-8080-exec-397] true
2018-09-29 01:08:25,997 DEBUG pool.ConnectionPool [http-nio-8080-exec-397] by.epam.hotel.pool.ProxyConnection@41d25ce3 returned IN pool
2018-09-29 01:08:25,998 DEBUG pool.ConnectionPool [http-nio-8080-exec-397] by.epam.hotel.pool.ProxyConnection@e28b092 got FROM pool
2018-09-29 01:08:26,002 DEBUG pool.ConnectionPool [http-nio-8080-exec-397] true
2018-09-29 01:08:26,002 DEBUG pool.ConnectionPool [http-nio-8080-exec-397] by.epam.hotel.pool.ProxyConnection@e28b092 returned IN pool
2018-09-29 01:08:26,002 DEBUG controller.Controller [http-nio-8080-exec-397] Router: page=/jsp/availableroom.jsp, type=FORWARD
2018-09-29 01:08:29,166 DEBUG pool.ConnectionPool [http-nio-8080-exec-388] by.epam.hotel.pool.ProxyConnection@2094f8cf got FROM pool
2018-09-29 01:08:29,167 DEBUG pool.ConnectionPool [http-nio-8080-exec-388] true
2018-09-29 01:08:29,168 DEBUG pool.ConnectionPool [http-nio-8080-exec-388] by.epam.hotel.pool.ProxyConnection@2094f8cf returned IN pool
2018-09-29 01:08:29,169 DEBUG controller.Controller [http-nio-8080-exec-388] Router: page=/jsp/infoforpayment.jsp, type=FORWARD
2018-09-29 01:08:37,865 DEBUG pool.ConnectionPool [http-nio-8080-exec-390] by.epam.hotel.pool.ProxyConnection@32c81c5b got FROM pool
2018-09-29 01:08:37,867 DEBUG pool.ConnectionPool [http-nio-8080-exec-390] true
2018-09-29 01:08:37,868 DEBUG pool.ConnectionPool [http-nio-8080-exec-390] by.epam.hotel.pool.ProxyConnection@32c81c5b returned IN pool
2018-09-29 01:08:37,868 DEBUG pool.ConnectionPool [http-nio-8080-exec-390] by.epam.hotel.pool.ProxyConnection@55d04a14 got FROM pool
2018-09-29 01:08:37,870 DEBUG pool.ConnectionPool [http-nio-8080-exec-390] true
2018-09-29 01:08:37,870 DEBUG pool.ConnectionPool [http-nio-8080-exec-390] by.epam.hotel.pool.ProxyConnection@55d04a14 returned IN pool
2018-09-29 01:08:37,871 DEBUG controller.Controller [http-nio-8080-exec-390] Router: page=/jsp/availableroom.jsp, type=FORWARD
2018-09-29 01:08:39,790 DEBUG pool.ConnectionPool [http-nio-8080-exec-391] by.epam.hotel.pool.ProxyConnection@249fa313 got FROM pool
2018-09-29 01:08:39,792 DEBUG pool.ConnectionPool [http-nio-8080-exec-391] true
2018-09-29 01:08:39,793 DEBUG pool.ConnectionPool [http-nio-8080-exec-391] by.epam.hotel.pool.ProxyConnection@249fa313 returned IN pool
2018-09-29 01:08:39,793 DEBUG controller.Controller [http-nio-8080-exec-391] Router: page=/jsp/infoforpayment.jsp, type=FORWARD
2018-09-29 01:08:49,765 DEBUG pool.ConnectionPool [http-nio-8080-exec-393] by.epam.hotel.pool.ProxyConnection@792e9a87 got FROM pool
2018-09-29 01:08:49,766 DEBUG pool.ConnectionPool [http-nio-8080-exec-393] true
2018-09-29 01:08:49,767 DEBUG pool.ConnectionPool [http-nio-8080-exec-393] by.epam.hotel.pool.ProxyConnection@792e9a87 returned IN pool
2018-09-29 01:08:49,767 DEBUG pool.ConnectionPool [http-nio-8080-exec-393] by.epam.hotel.pool.ProxyConnection@2cfc743e got FROM pool
2018-09-29 01:08:49,769 DEBUG pool.ConnectionPool [http-nio-8080-exec-393] true
2018-09-29 01:08:49,769 DEBUG pool.ConnectionPool [http-nio-8080-exec-393] by.epam.hotel.pool.ProxyConnection@2cfc743e returned IN pool
2018-09-29 01:08:49,769 DEBUG controller.Controller [http-nio-8080-exec-393] Router: page=/jsp/availableroom.jsp, type=FORWARD
2018-09-29 01:08:50,669 DEBUG pool.ConnectionPool [http-nio-8080-exec-394] by.epam.hotel.pool.ProxyConnection@492a84d3 got FROM pool
2018-09-29 01:08:50,671 DEBUG pool.ConnectionPool [http-nio-8080-exec-394] true
2018-09-29 01:08:50,671 DEBUG pool.ConnectionPool [http-nio-8080-exec-394] by.epam.hotel.pool.ProxyConnection@492a84d3 returned IN pool
2018-09-29 01:08:50,671 DEBUG controller.Controller [http-nio-8080-exec-394] Router: page=/jsp/infoforpayment.jsp, type=FORWARD
2018-09-29 01:12:59,150 DEBUG controller.Controller [http-nio-8080-exec-397] Router: page=/jsp/login.jsp, type=FORWARD
2018-09-29 01:14:03,856 DEBUG pool.ConnectionPool [http-nio-8080-exec-389] by.epam.hotel.pool.ProxyConnection@43d2efa3 got FROM pool
2018-09-29 01:14:03,858 DEBUG pool.ConnectionPool [http-nio-8080-exec-389] true
2018-09-29 01:14:03,859 DEBUG pool.ConnectionPool [http-nio-8080-exec-389] by.epam.hotel.pool.ProxyConnection@43d2efa3 returned IN pool
2018-09-29 01:14:03,859 DEBUG controller.Controller [http-nio-8080-exec-389] Router: page=/jsp/infoforpayment.jsp, type=FORWARD
2018-09-29 01:14:06,249 DEBUG controller.Controller [http-nio-8080-exec-390] Router: page=/jsp/availableroom.jsp, type=FORWARD
2018-09-29 01:15:49,963 DEBUG pool.ConnectionPool [ContainerBackgroundProcessor[StandardEngine[Catalina]]] Connection closed
2018-09-29 01:15:49,964 DEBUG pool.ConnectionPool [ContainerBackgroundProcessor[StandardEngine[Catalina]]] Connection closed
2018-09-29 01:15:49,964 DEBUG pool.ConnectionPool [ContainerBackgroundProcessor[StandardEngine[Catalina]]] Connection closed
2018-09-29 01:15:49,965 DEBUG pool.ConnectionPool [ContainerBackgroundProcessor[StandardEngine[Catalina]]] Connection closed
2018-09-29 01:15:49,965 DEBUG pool.ConnectionPool [ContainerBackgroundProcessor[StandardEngine[Catalina]]] Connection closed
2018-09-29 01:15:49,967 DEBUG pool.ConnectionPool [ContainerBackgroundProcessor[StandardEngine[Catalina]]] Connection closed
2018-09-29 01:15:49,967 DEBUG pool.ConnectionPool [ContainerBackgroundProcessor[StandardEngine[Catalina]]] Connection closed
2018-09-29 01:15:49,968 DEBUG pool.ConnectionPool [ContainerBackgroundProcessor[StandardEngine[Catalina]]] Connection closed
2018-09-29 01:15:49,968 DEBUG pool.ConnectionPool [ContainerBackgroundProcessor[StandardEngine[Catalina]]] Connection closed
2018-09-29 01:15:49,969 DEBUG pool.ConnectionPool [ContainerBackgroundProcessor[StandardEngine[Catalina]]] Connection closed
2018-09-29 01:15:49,969 DEBUG pool.ConnectionPool [ContainerBackgroundProcessor[StandardEngine[Catalina]]] Connection closed
